<?xml version="1.0" encoding="UTF-8"?>
<!-- Generated by org.testng.reporters.JUnitReportReporter -->
<testsuite skipped="0" hostname="toadMac" name="testCases.Login" tests="1" failures="0" timestamp="2019-10-07T19:44:14 PDT" time="16.410" errors="0">
  <testcase name="invokeBrowser" time="16.410" classname="testCases.Login"/>
</testsuite> <!-- testCases.Login -->
